<testsuites>
  <testsuite name="chromium" tests="5" failures="2">
    <testcase name="login success" classname="chromium" time="0.1" />
    <testcase name="logout success" classname="chromium" time="0.1" />
    <testcase name="add item" classname="chromium" time="0.2">
      <failure message="AssertionError">item not added</failure>
    </testcase>
    <testcase name="view dashboard" classname="chromium" time="0.1" />
    <testcase name="delete user" classname="chromium" time="0.1">
      <failure message="AssertionError">cannot delete user</failure>
    </testcase>
  </testsuite>
  <testsuite name="firefox" tests="5" failures="1">
    <testcase name="login success" classname="firefox" time="0.1" />
    <testcase name="logout success" classname="firefox" time="0.1" />
    <testcase name="add item" classname="firefox" time="0.2">
      <failure message="AssertionError">item not added</failure>
    </testcase>
    <testcase name="update profile" classname="firefox" time="0.1" />
    <testcase name="remove item" classname="firefox" time="0.1" />
  </testsuite>
</testsuites>
